<?xml version="1.0" encoding="UTF-8"?>
<!-- Generated by org.testng.reporters.JUnitXMLReporter -->
<testsuite ignored="0" hostname="LAPTOP-7UARP2T2" failures="0" tests="5" name="Default test" time="0.228" errors="0" timestamp="2022-07-14T12:18:52 EDT">
  <testcase classname="selenium.Testing1" name="f" time="0.01"/>
  <testcase classname="selenium.Testing1" name="f" time="0.004"/>
  <testcase classname="selenium.Testing1" name="test1" time="0.007"/>
  <testcase classname="selenium.Testing1" name="test2" time="0.004"/>
  <testcase classname="selenium.Testing1" name="test3" time="0.003"/>
</testsuite> <!-- Default test -->
