<?xml version="1.0" encoding="UTF-8"?>
<!-- Generated by org.testng.reporters.JUnitXMLReporter -->
<testsuite ignored="6" hostname="LAPTOP-7UARP2T2" failures="0" tests="3" name="GRP-smoke" time="0.212" errors="0" timestamp="2022-07-13T16:00:37 EDT">
  <testcase classname="selenium.Testing2" name="test4" time="0.048"/>
  <testcase classname="selenium.Testing3" name="createUser" time="0.009"/>
  <testcase classname="selenium.Testing1" name="test1" time="0.007"/>
  <testcase classname="selenium.Testing1" name="f" time="0.0">
    <ignored/>
  </testcase> <!-- f -->
  <testcase classname="selenium.Testing2" name="test5" time="0.0">
    <ignored/>
  </testcase> <!-- test5 -->
  <testcase classname="selenium.Testing1" name="test2" time="0.0">
    <ignored/>
  </testcase> <!-- test2 -->
  <testcase classname="selenium.Testing1" name="test3" time="0.0">
    <ignored/>
  </testcase> <!-- test3 -->
  <testcase classname="selenium.Testing3" name="deleteUser" time="0.0">
    <ignored/>
  </testcase> <!-- deleteUser -->
  <testcase classname="selenium.Testing3" name="editUser" time="0.0">
    <ignored/>
  </testcase> <!-- editUser -->
</testsuite> <!-- GRP-smoke -->
