<?xml version="1.0" encoding="UTF-8"?>
<!-- Generated by org.testng.reporters.JUnitXMLReporter -->
<testsuite ignored="4" hostname="LAPTOP-7UARP2T2" failures="0" tests="2" name="GRP-sanity" time="0.274" errors="0" timestamp="2022-07-13T16:00:09 EDT">
  <testcase classname="selenium.Testing2" name="test5" time="0.037"/>
  <testcase classname="selenium.Testing1" name="test1" time="0.002"/>
  <testcase classname="selenium.Testing1" name="f" time="0.0">
    <ignored/>
  </testcase> <!-- f -->
  <testcase classname="selenium.Testing1" name="test2" time="0.0">
    <ignored/>
  </testcase> <!-- test2 -->
  <testcase classname="selenium.Testing2" name="test4" time="0.0">
    <ignored/>
  </testcase> <!-- test4 -->
  <testcase classname="selenium.Testing1" name="test3" time="0.0">
    <ignored/>
  </testcase> <!-- test3 -->
</testsuite> <!-- GRP-sanity -->
